C:\Users\subhradeep\Desktop\Asp.net Core Test\SportsApplicationWithLogin\WebApplication\WebApplication\wwwroot\polyfills.js
C:\Users\subhradeep\Desktop\Asp.net Core Test\SportsApplicationWithLogin\WebApplication\WebApplication\wwwroot\polyfills.js.map
C:\Users\subhradeep\Desktop\Asp.net Core Test\SportsApplicationWithLogin\WebApplication\WebApplication\wwwroot\app\app.component.js
C:\Users\subhradeep\Desktop\Asp.net Core Test\SportsApplicationWithLogin\WebApplication\WebApplication\wwwroot\app\app.component.js.map
C:\Users\subhradeep\Desktop\Asp.net Core Test\SportsApplicationWithLogin\WebApplication\WebApplication\wwwroot\app\User\shared\user.service.js
C:\Users\subhradeep\Desktop\Asp.net Core Test\SportsApplicationWithLogin\WebApplication\WebApplication\wwwroot\app\User\shared\user.service.js.map
C:\Users\subhradeep\Desktop\Asp.net Core Test\SportsApplicationWithLogin\WebApplication\WebApplication\wwwroot\app\User\shared\user.model.js
C:\Users\subhradeep\Desktop\Asp.net Core Test\SportsApplicationWithLogin\WebApplication\WebApplication\wwwroot\app\User\shared\user.model.js.map
C:\Users\subhradeep\Desktop\Asp.net Core Test\SportsApplicationWithLogin\WebApplication\WebApplication\wwwroot\app\User\user-edit\user-edit.component.js
C:\Users\subhradeep\Desktop\Asp.net Core Test\SportsApplicationWithLogin\WebApplication\WebApplication\wwwroot\app\User\user-edit\user-edit.component.js.map
C:\Users\subhradeep\Desktop\Asp.net Core Test\SportsApplicationWithLogin\WebApplication\WebApplication\wwwroot\app\User\user-list\user-list.component.js
C:\Users\subhradeep\Desktop\Asp.net Core Test\SportsApplicationWithLogin\WebApplication\WebApplication\wwwroot\app\User\user-list\user-list.component.js.map
C:\Users\subhradeep\Desktop\Asp.net Core Test\SportsApplicationWithLogin\WebApplication\WebApplication\wwwroot\app\User\user.module.js
C:\Users\subhradeep\Desktop\Asp.net Core Test\SportsApplicationWithLogin\WebApplication\WebApplication\wwwroot\app\User\user.module.js.map
C:\Users\subhradeep\Desktop\Asp.net Core Test\SportsApplicationWithLogin\WebApplication\WebApplication\wwwroot\app\Test\shared\test.service.js
C:\Users\subhradeep\Desktop\Asp.net Core Test\SportsApplicationWithLogin\WebApplication\WebApplication\wwwroot\app\Test\shared\test.service.js.map
C:\Users\subhradeep\Desktop\Asp.net Core Test\SportsApplicationWithLogin\WebApplication\WebApplication\wwwroot\app\Test\test-list\test-list.component.js
C:\Users\subhradeep\Desktop\Asp.net Core Test\SportsApplicationWithLogin\WebApplication\WebApplication\wwwroot\app\Test\test-list\test-list.component.js.map
C:\Users\subhradeep\Desktop\Asp.net Core Test\SportsApplicationWithLogin\WebApplication\WebApplication\wwwroot\app\Test\shared\testmodel.model.js
C:\Users\subhradeep\Desktop\Asp.net Core Test\SportsApplicationWithLogin\WebApplication\WebApplication\wwwroot\app\Test\shared\testmodel.model.js.map
C:\Users\subhradeep\Desktop\Asp.net Core Test\SportsApplicationWithLogin\WebApplication\WebApplication\wwwroot\app\Test\create-test\create-test.component.js
C:\Users\subhradeep\Desktop\Asp.net Core Test\SportsApplicationWithLogin\WebApplication\WebApplication\wwwroot\app\Test\create-test\create-test.component.js.map
C:\Users\subhradeep\Desktop\Asp.net Core Test\SportsApplicationWithLogin\WebApplication\WebApplication\wwwroot\app\Test\test-details\test-details.component.js
C:\Users\subhradeep\Desktop\Asp.net Core Test\SportsApplicationWithLogin\WebApplication\WebApplication\wwwroot\app\Test\test-details\test-details.component.js.map
C:\Users\subhradeep\Desktop\Asp.net Core Test\SportsApplicationWithLogin\WebApplication\WebApplication\wwwroot\app\Test\add-athlete\add-athlete.component.js
C:\Users\subhradeep\Desktop\Asp.net Core Test\SportsApplicationWithLogin\WebApplication\WebApplication\wwwroot\app\Test\add-athlete\add-athlete.component.js.map
C:\Users\subhradeep\Desktop\Asp.net Core Test\SportsApplicationWithLogin\WebApplication\WebApplication\wwwroot\app\Test\edit-athlete\edit-athlete.component.js
C:\Users\subhradeep\Desktop\Asp.net Core Test\SportsApplicationWithLogin\WebApplication\WebApplication\wwwroot\app\Test\edit-athlete\edit-athlete.component.js.map
C:\Users\subhradeep\Desktop\Asp.net Core Test\SportsApplicationWithLogin\WebApplication\WebApplication\wwwroot\app\Test\test.module.js
C:\Users\subhradeep\Desktop\Asp.net Core Test\SportsApplicationWithLogin\WebApplication\WebApplication\wwwroot\app\Test\test.module.js.map
C:\Users\subhradeep\Desktop\Asp.net Core Test\SportsApplicationWithLogin\WebApplication\WebApplication\wwwroot\app\app.module.js
C:\Users\subhradeep\Desktop\Asp.net Core Test\SportsApplicationWithLogin\WebApplication\WebApplication\wwwroot\app\app.module.js.map
C:\Users\subhradeep\Desktop\Asp.net Core Test\SportsApplicationWithLogin\WebApplication\WebApplication\wwwroot\environments\environment.js
C:\Users\subhradeep\Desktop\Asp.net Core Test\SportsApplicationWithLogin\WebApplication\WebApplication\wwwroot\environments\environment.js.map
C:\Users\subhradeep\Desktop\Asp.net Core Test\SportsApplicationWithLogin\WebApplication\WebApplication\wwwroot\app\main.js
C:\Users\subhradeep\Desktop\Asp.net Core Test\SportsApplicationWithLogin\WebApplication\WebApplication\wwwroot\app\main.js.map
C:\Users\subhradeep\Desktop\Asp.net Core Test\SportsApplicationWithLogin\WebApplication\WebApplication\wwwroot\environments\environment.prod.js
C:\Users\subhradeep\Desktop\Asp.net Core Test\SportsApplicationWithLogin\WebApplication\WebApplication\wwwroot\environments\environment.prod.js.map
